<?xml version="1.0" encoding="UTF-8"?>
<testng-results ignored="0" total="2" passed="2" failed="0" skipped="0">
  <reporter-output>
  </reporter-output>
  <suite started-at="2024-04-05T22:37:38 CDT" name="Default suite" finished-at="2024-04-05T22:38:00 CDT" duration-ms="21780">
    <groups>
    </groups>
    <test started-at="2024-04-05T22:37:38 CDT" name="Default test" finished-at="2024-04-05T22:38:00 CDT" duration-ms="21780">
      <class name="variousConcepts.A006">
        <test-method is-config="true" signature="readingConfig()[pri:0, instance:variousConcepts.A006@76b1e9b8]" started-at="2024-04-05T22:37:38 CDT" name="readingConfig" finished-at="2024-04-05T22:37:39 CDT" duration-ms="30" status="PASS">
          <reporter-output>
          </reporter-output>
        </test-method> <!-- readingConfig -->
        <test-method is-config="true" signature="init()[pri:0, instance:variousConcepts.A006@76b1e9b8]" started-at="2024-04-05T22:37:39 CDT" name="init" finished-at="2024-04-05T22:37:42 CDT" duration-ms="3627" status="PASS">
          <reporter-output>
          </reporter-output>
        </test-method> <!-- init -->
        <test-method signature="validateAlertMessages()[pri:1, instance:variousConcepts.A006@76b1e9b8]" started-at="2024-04-05T22:37:42 CDT" name="validateAlertMessages" finished-at="2024-04-05T22:37:47 CDT" duration-ms="4592" status="PASS">
          <reporter-output>
          </reporter-output>
        </test-method> <!-- validateAlertMessages -->
        <test-method is-config="true" signature="tearDown()[pri:0, instance:variousConcepts.A006@76b1e9b8]" started-at="2024-04-05T22:37:47 CDT" name="tearDown" finished-at="2024-04-05T22:37:47 CDT" duration-ms="480" status="PASS">
          <reporter-output>
          </reporter-output>
        </test-method> <!-- tearDown -->
        <test-method is-config="true" signature="init()[pri:0, instance:variousConcepts.A006@76b1e9b8]" started-at="2024-04-05T22:37:47 CDT" name="init" finished-at="2024-04-05T22:37:50 CDT" duration-ms="3129" status="PASS">
          <reporter-output>
          </reporter-output>
        </test-method> <!-- init -->
        <test-method signature="loginTest()[pri:2, instance:variousConcepts.A006@76b1e9b8]" started-at="2024-04-05T22:37:50 CDT" name="loginTest" finished-at="2024-04-05T22:38:00 CDT" duration-ms="9365" status="PASS">
          <reporter-output>
          </reporter-output>
        </test-method> <!-- loginTest -->
        <test-method is-config="true" signature="tearDown()[pri:0, instance:variousConcepts.A006@76b1e9b8]" started-at="2024-04-05T22:38:00 CDT" name="tearDown" finished-at="2024-04-05T22:38:00 CDT" duration-ms="480" status="PASS">
          <reporter-output>
          </reporter-output>
        </test-method> <!-- tearDown -->
      </class> <!-- variousConcepts.A006 -->
    </test> <!-- Default test -->
  </suite> <!-- Default suite -->
</testng-results>
